TN:
SF:src\config\di.js
FN:23,configureMainSequelizeDatabase
FN:33,configureCarModel
FN:42,configureClientModel
FN:51,configureRentModel
FN:60,configureSession
FN:74,configureNunjucksFlags
FN:82,configureNunjucksFileSystemLoader
FN:89,addCommonDefinitions
FN:99,addNunjucksDefinitions
FN:110,addCarModuleDefinitions
FN:122,addClientModuleDefinitions
FN:134,addRentModuleDefinitions
FN:155,configureDI
FNF:13
FNH:13
FNDA:1,configureMainSequelizeDatabase
FNDA:1,configureCarModel
FNDA:1,configureClientModel
FNDA:1,configureRentModel
FNDA:1,configureSession
FNDA:1,configureNunjucksFlags
FNDA:1,configureNunjucksFileSystemLoader
FNDA:1,addCommonDefinitions
FNDA:1,addNunjucksDefinitions
FNDA:1,addCarModuleDefinitions
FNDA:1,addClientModuleDefinitions
FNDA:1,addRentModuleDefinitions
FNDA:1,configureDI
DA:1,1
DA:2,1
DA:3,1
DA:4,1
DA:5,1
DA:11,1
DA:17,1
DA:24,1
DA:34,1
DA:35,1
DA:36,1
DA:43,1
DA:44,1
DA:45,1
DA:52,1
DA:53,1
DA:54,1
DA:61,1
DA:62,1
DA:68,1
DA:75,1
DA:83,1
DA:90,1
DA:100,1
DA:111,1
DA:123,1
DA:135,1
DA:156,1
DA:157,1
DA:158,1
DA:159,1
DA:160,1
DA:161,1
DA:162,1
DA:165,1
LF:35
LH:35
BRF:0
BRH:0
end_of_record
TN:
SF:src\config\express.js
FN:6,createExpressApp
FN:14,setBodyParser
FN:21,setStaticFolder
FN:29,setSession
FN:37,setBaseRoute
FN:38,(anonymous_5)
FN:47,initExpressApp
FN:48,(anonymous_7)
FNF:8
FNH:7
FNDA:1,createExpressApp
FNDA:1,setBodyParser
FNDA:1,setStaticFolder
FNDA:1,setSession
FNDA:1,setBaseRoute
FNDA:1,(anonymous_5)
FNDA:1,initExpressApp
FNDA:0,(anonymous_7)
DA:1,1
DA:7,1
DA:8,1
DA:15,1
DA:22,1
DA:30,1
DA:31,1
DA:38,1
DA:39,1
DA:48,1
DA:50,0
DA:54,1
LF:12
LH:11
BRF:0
BRH:0
end_of_record
TN:
SF:src\config\viewEngine.js
FN:5,setViewEngine
FNF:1
FNH:1
FNDA:1,setViewEngine
DA:10,1
DA:11,1
DA:14,1
LF:3
LH:3
BRF:0
BRH:0
end_of_record
TN:
SF:src\modules\abstractController.js
FN:4,(anonymous_0)
FNF:1
FNH:1
FNDA:7,(anonymous_0)
DA:1,7
DA:5,7
DA:6,1
DA:11,7
LF:4
LH:4
BRDA:5,0,0,1
BRDA:5,0,1,6
BRF:2
BRH:2
end_of_record
TN:
SF:src\modules\car\module.js
FN:10,init
FNF:1
FNH:1
FNDA:1,init
DA:1,2
DA:2,2
DA:3,2
DA:4,2
DA:14,1
DA:15,1
DA:18,2
LF:7
LH:7
BRF:0
BRH:0
end_of_record
TN:
SF:src\modules\car\controller\carController.js
FN:10,(anonymous_0)
FN:19,(anonymous_1)
FN:32,(anonymous_2)
FN:40,(anonymous_3)
FN:50,(anonymous_4)
FN:58,(anonymous_5)
FN:81,(anonymous_6)
FN:96,(anonymous_7)
FNF:8
FNH:7
FNDA:2,(anonymous_0)
FNDA:1,(anonymous_1)
FNDA:2,(anonymous_2)
FNDA:0,(anonymous_3)
FNDA:1,(anonymous_4)
FNDA:3,(anonymous_5)
FNDA:2,(anonymous_6)
FNDA:2,(anonymous_7)
DA:3,3
DA:4,3
DA:11,2
DA:12,2
DA:13,2
DA:20,1
DA:21,1
DA:22,1
DA:23,1
DA:24,1
DA:25,1
DA:33,2
DA:34,2
DA:35,2
DA:36,2
DA:37,2
DA:41,0
DA:42,0
DA:43,0
DA:51,1
DA:59,3
DA:60,3
DA:61,3
DA:62,3
DA:63,3
DA:65,2
DA:66,1
DA:68,1
DA:71,1
DA:74,3
DA:82,2
DA:83,2
DA:84,2
DA:85,1
DA:87,1
DA:88,1
DA:97,2
DA:98,2
DA:99,2
DA:100,1
DA:102,1
DA:105,2
DA:109,3
LF:43
LH:40
BRDA:65,0,0,1
BRDA:65,0,1,1
BRF:2
BRH:2
end_of_record
TN:
SF:src\modules\car\entity\car.js
FN:2,(anonymous_0)
FNF:1
FNH:1
FNDA:8,(anonymous_0)
DA:16,8
DA:17,8
DA:18,8
DA:19,8
DA:20,8
DA:21,8
DA:22,8
DA:23,8
DA:24,8
DA:25,8
DA:26,8
DA:27,8
DA:31,5
LF:13
LH:13
BRF:0
BRH:0
end_of_record
TN:
SF:src\modules\car\mapper\carMapper.js
FN:7,fromModelToEntity
FN:15,fromDataToEntity
FNF:2
FNH:2
FNDA:1,fromModelToEntity
FNDA:4,fromDataToEntity
DA:1,5
DA:8,1
DA:27,4
DA:41,5
LF:4
LH:4
BRF:0
BRH:0
end_of_record
TN:
SF:src\modules\car\model\carModel.js
FN:7,(anonymous_0)
FNF:1
FNH:1
FNDA:3,(anonymous_0)
DA:1,4
DA:8,3
DA:65,4
LF:3
LH:3
BRF:0
BRH:0
end_of_record
TN:
SF:src\modules\car\repository\error\CarNotFoundError.js
FNF:0
FNH:0
DA:3,3
LF:1
LH:1
BRF:0
BRH:0
end_of_record
TN:
SF:src\modules\car\repository\error\MethodNotImplementedError.js
FNF:0
FNH:0
DA:3,4
LF:1
LH:1
BRF:0
BRH:0
end_of_record
TN:
SF:src\modules\car\repository\error\abstractCarRepositoryError.js
FNF:0
FNH:0
DA:3,4
LF:1
LH:1
BRF:0
BRH:0
end_of_record
TN:
SF:src\modules\car\repository\sqlite\abstractRepository.js
FN:7,(anonymous_0)
FN:13,(anonymous_1)
FN:17,(anonymous_2)
FN:21,(anonymous_3)
FN:25,(anonymous_4)
FNF:5
FNH:5
FNDA:4,(anonymous_0)
FNDA:1,(anonymous_1)
FNDA:1,(anonymous_2)
FNDA:1,(anonymous_3)
FNDA:1,(anonymous_4)
DA:3,4
DA:4,4
DA:8,4
DA:9,1
DA:14,1
DA:18,1
DA:22,1
DA:26,1
DA:30,4
LF:9
LH:9
BRDA:8,0,0,1
BRDA:8,0,1,3
BRF:2
BRH:2
end_of_record
TN:
SF:src\modules\car\repository\sqlite\carRepository.js
FN:9,(anonymous_0)
FN:18,(anonymous_1)
FN:69,(anonymous_2)
FN:83,(anonymous_3)
FN:97,(anonymous_4)
FN:99,(anonymous_5)
FNF:6
FNH:1
FNDA:1,(anonymous_0)
FNDA:0,(anonymous_1)
FNDA:0,(anonymous_2)
FNDA:0,(anonymous_3)
FNDA:0,(anonymous_4)
FNDA:0,(anonymous_5)
DA:1,3
DA:2,3
DA:3,3
DA:10,1
DA:11,1
DA:19,0
DA:22,0
DA:23,0
DA:41,0
DA:42,0
DA:45,0
DA:47,0
DA:58,0
DA:61,0
DA:62,0
DA:70,0
DA:72,0
DA:73,0
DA:76,0
DA:84,0
DA:86,0
DA:87,0
DA:90,0
DA:91,0
DA:98,0
DA:99,0
DA:100,0
DA:104,3
LF:28
LH:6
BRDA:22,0,0,0
BRDA:22,0,1,0
BRDA:41,1,0,0
BRDA:41,1,1,0
BRDA:72,2,0,0
BRDA:72,2,1,0
BRDA:86,3,0,0
BRDA:86,3,1,0
BRF:8
BRH:0
end_of_record
TN:
SF:src\modules\car\service\carService.js
FN:8,(anonymous_0)
FN:16,(anonymous_1)
FN:29,(anonymous_2)
FN:42,(anonymous_3)
FN:54,(anonymous_4)
FNF:5
FNH:5
FNDA:2,(anonymous_0)
FNDA:2,(anonymous_1)
FNDA:2,(anonymous_2)
FNDA:2,(anonymous_3)
FNDA:1,(anonymous_4)
DA:1,3
DA:2,3
DA:9,2
DA:17,2
DA:18,1
DA:21,1
DA:22,1
DA:30,2
DA:31,1
DA:34,1
DA:35,1
DA:43,2
DA:44,1
DA:47,1
DA:48,1
DA:55,1
DA:56,1
DA:60,3
LF:18
LH:18
BRDA:17,0,0,1
BRDA:17,0,1,1
BRDA:30,1,0,1
BRDA:30,1,1,1
BRDA:43,2,0,1
BRDA:43,2,1,1
BRF:6
BRH:6
end_of_record
TN:
SF:src\modules\car\service\error\carIdNotDefinedError.js
FNF:0
FNH:0
DA:3,3
LF:1
LH:1
BRF:0
BRH:0
end_of_record
TN:
SF:src\modules\car\service\error\carNotDefinedError.js
FNF:0
FNH:0
DA:3,3
LF:1
LH:1
BRF:0
BRH:0
end_of_record
TN:
SF:src\modules\client\module.js
FN:10,init
FNF:1
FNH:1
FNDA:1,init
DA:1,2
DA:2,2
DA:3,2
DA:4,2
DA:14,1
DA:15,1
DA:18,2
LF:7
LH:7
BRF:0
BRH:0
end_of_record
TN:
SF:src\modules\client\controller\clientController.js
FN:10,(anonymous_0)
FN:19,(anonymous_1)
FN:32,(anonymous_2)
FN:40,(anonymous_3)
FN:50,(anonymous_4)
FN:58,(anonymous_5)
FN:81,(anonymous_6)
FN:96,(anonymous_7)
FNF:8
FNH:7
FNDA:2,(anonymous_0)
FNDA:1,(anonymous_1)
FNDA:2,(anonymous_2)
FNDA:0,(anonymous_3)
FNDA:1,(anonymous_4)
FNDA:3,(anonymous_5)
FNDA:2,(anonymous_6)
FNDA:2,(anonymous_7)
DA:3,3
DA:4,3
DA:11,2
DA:12,2
DA:13,2
DA:20,1
DA:21,1
DA:22,1
DA:23,1
DA:24,1
DA:25,1
DA:33,2
DA:34,2
DA:35,2
DA:36,2
DA:37,2
DA:41,0
DA:42,0
DA:43,0
DA:51,1
DA:59,3
DA:60,3
DA:61,3
DA:62,3
DA:63,3
DA:65,2
DA:66,1
DA:68,1
DA:71,1
DA:74,3
DA:82,2
DA:83,2
DA:84,2
DA:85,1
DA:87,1
DA:88,1
DA:97,2
DA:98,2
DA:99,2
DA:100,1
DA:102,1
DA:105,2
DA:109,3
LF:43
LH:40
BRDA:65,0,0,1
BRDA:65,0,1,1
BRF:2
BRH:2
end_of_record
TN:
SF:src\modules\client\entity\client.js
FN:2,(anonymous_0)
FNF:1
FNH:1
FNDA:13,(anonymous_0)
DA:15,13
DA:16,13
DA:17,13
DA:18,13
DA:19,13
DA:20,13
DA:21,13
DA:22,13
DA:23,13
DA:24,13
DA:25,13
DA:29,5
LF:12
LH:12
BRF:0
BRH:0
end_of_record
TN:
SF:src\modules\client\mapper\clientMapper.js
FN:7,fromModelToEntity
FN:15,fromDataToEntity
FNF:2
FNH:2
FNDA:6,fromModelToEntity
FNDA:4,fromDataToEntity
DA:1,5
DA:8,6
DA:26,4
DA:39,5
LF:4
LH:4
BRF:0
BRH:0
end_of_record
TN:
SF:src\modules\client\model\clientModel.js
FN:7,(anonymous_0)
FNF:1
FNH:1
FNDA:3,(anonymous_0)
DA:1,4
DA:8,3
DA:65,4
LF:3
LH:3
BRF:0
BRH:0
end_of_record
TN:
SF:src\modules\client\repository\error\abstractClientRepositoryError.js
FNF:0
FNH:0
DA:3,4
LF:1
LH:1
BRF:0
BRH:0
end_of_record
TN:
SF:src\modules\client\repository\error\clientNotFoundError.js
FNF:0
FNH:0
DA:3,3
LF:1
LH:1
BRF:0
BRH:0
end_of_record
TN:
SF:src\modules\client\repository\error\methodNotImplementedError.js
FNF:0
FNH:0
DA:3,4
LF:1
LH:1
BRF:0
BRH:0
end_of_record
TN:
SF:src\modules\client\repository\sqlite\abstractClientRepository.js
FN:7,(anonymous_0)
FN:13,(anonymous_1)
FN:17,(anonymous_2)
FN:21,(anonymous_3)
FN:25,(anonymous_4)
FNF:5
FNH:5
FNDA:12,(anonymous_0)
FNDA:1,(anonymous_1)
FNDA:1,(anonymous_2)
FNDA:1,(anonymous_3)
FNDA:1,(anonymous_4)
DA:3,4
DA:4,4
DA:8,12
DA:9,1
DA:14,1
DA:18,1
DA:22,1
DA:26,1
DA:30,4
LF:9
LH:9
BRDA:8,0,0,1
BRDA:8,0,1,11
BRF:2
BRH:2
end_of_record
TN:
SF:src\modules\client\repository\sqlite\clientRepository.js
FN:9,(anonymous_0)
FN:18,(anonymous_1)
FN:69,(anonymous_2)
FN:83,(anonymous_3)
FN:97,(anonymous_4)
FN:99,(anonymous_5)
FNF:6
FNH:6
FNDA:9,(anonymous_0)
FNDA:3,(anonymous_1)
FNDA:2,(anonymous_2)
FNDA:4,(anonymous_3)
FNDA:1,(anonymous_4)
FNDA:2,(anonymous_5)
DA:1,3
DA:2,3
DA:3,3
DA:10,9
DA:11,9
DA:19,3
DA:22,3
DA:23,2
DA:41,2
DA:42,1
DA:45,1
DA:47,1
DA:58,1
DA:61,2
DA:62,2
DA:70,2
DA:72,2
DA:73,1
DA:76,1
DA:84,4
DA:86,4
DA:87,1
DA:90,3
DA:91,3
DA:98,1
DA:99,2
DA:100,1
DA:104,3
LF:28
LH:28
BRDA:22,0,0,2
BRDA:22,0,1,1
BRDA:41,1,0,1
BRDA:41,1,1,1
BRDA:72,2,0,1
BRDA:72,2,1,1
BRDA:86,3,0,1
BRDA:86,3,1,3
BRF:8
BRH:8
end_of_record
TN:
SF:src\modules\client\service\clientService.js
FN:8,(anonymous_0)
FN:16,(anonymous_1)
FN:31,(anonymous_2)
FN:44,(anonymous_3)
FN:56,(anonymous_4)
FNF:5
FNH:5
FNDA:2,(anonymous_0)
FNDA:2,(anonymous_1)
FNDA:2,(anonymous_2)
FNDA:2,(anonymous_3)
FNDA:1,(anonymous_4)
DA:1,3
DA:2,3
DA:9,2
DA:17,2
DA:18,1
DA:23,1
DA:24,1
DA:32,2
DA:33,1
DA:36,1
DA:37,1
DA:45,2
DA:46,1
DA:49,1
DA:50,1
DA:57,1
DA:58,1
DA:62,3
LF:18
LH:18
BRDA:17,0,0,1
BRDA:17,0,1,1
BRDA:32,1,0,1
BRDA:32,1,1,1
BRDA:45,2,0,1
BRDA:45,2,1,1
BRF:6
BRH:6
end_of_record
TN:
SF:src\modules\client\service\error\clientIdNotDefinedError.js
FNF:0
FNH:0
DA:3,3
LF:1
LH:1
BRF:0
BRH:0
end_of_record
TN:
SF:src\modules\client\service\error\clientNotDefinedError.js
FNF:0
FNH:0
DA:3,3
LF:1
LH:1
BRF:0
BRH:0
end_of_record
TN:
SF:src\modules\error\AbstractControllerError.js
FNF:0
FNH:0
DA:3,7
LF:1
LH:1
BRF:0
BRH:0
end_of_record
TN:
SF:src\modules\rent\module.js
FN:10,init
FNF:1
FNH:1
FNDA:1,init
DA:1,2
DA:2,2
DA:3,2
DA:4,2
DA:14,1
DA:15,1
DA:18,2
LF:7
LH:7
BRF:0
BRH:0
end_of_record
TN:
SF:src\modules\rent\controller\rentController.js
FN:12,(anonymous_0)
FN:23,(anonymous_1)
FN:36,(anonymous_2)
FN:44,(anonymous_3)
FN:54,(anonymous_4)
FN:64,(anonymous_5)
FN:87,(anonymous_6)
FN:104,(anonymous_7)
FNF:8
FNH:1
FNDA:1,(anonymous_0)
FNDA:0,(anonymous_1)
FNDA:0,(anonymous_2)
FNDA:0,(anonymous_3)
FNDA:0,(anonymous_4)
FNDA:0,(anonymous_5)
FNDA:0,(anonymous_6)
FNDA:0,(anonymous_7)
DA:3,2
DA:4,2
DA:13,1
DA:14,1
DA:15,1
DA:16,1
DA:17,1
DA:24,0
DA:25,0
DA:26,0
DA:27,0
DA:28,0
DA:29,0
DA:37,0
DA:38,0
DA:39,0
DA:40,0
DA:41,0
DA:45,0
DA:46,0
DA:47,0
DA:55,0
DA:56,0
DA:57,0
DA:65,0
DA:66,0
DA:67,0
DA:68,0
DA:69,0
DA:71,0
DA:72,0
DA:74,0
DA:77,0
DA:80,0
DA:88,0
DA:89,0
DA:90,0
DA:91,0
DA:92,0
DA:93,0
DA:95,0
DA:96,0
DA:105,0
DA:106,0
DA:107,0
DA:108,0
DA:110,0
DA:113,0
DA:117,2
LF:49
LH:8
BRDA:71,0,0,0
BRDA:71,0,1,0
BRF:2
BRH:0
end_of_record
TN:
SF:src\modules\rent\entity\rent.js
FN:2,(anonymous_0)
FNF:1
FNH:1
FNDA:2,(anonymous_0)
DA:17,2
DA:18,2
DA:19,2
DA:20,2
DA:21,2
DA:22,2
DA:23,2
DA:24,2
DA:25,2
DA:26,2
DA:27,2
DA:28,2
DA:29,2
DA:33,4
LF:14
LH:14
BRF:0
BRH:0
end_of_record
TN:
SF:src\modules\rent\mapper\rentMapper.js
FN:7,fromModelToEntity
FN:15,fromDataToEntity
FNF:2
FNH:2
FNDA:1,fromModelToEntity
FNDA:1,fromDataToEntity
DA:1,4
DA:8,1
DA:26,1
DA:39,4
LF:4
LH:4
BRF:0
BRH:0
end_of_record
TN:
SF:src\modules\rent\model\rentModel.js
FN:7,(anonymous_0)
FN:59,(anonymous_1)
FNF:2
FNH:2
FNDA:3,(anonymous_0)
FNDA:1,(anonymous_1)
DA:1,4
DA:8,3
DA:60,1
DA:68,1
DA:78,4
LF:5
LH:5
BRF:0
BRH:0
end_of_record
TN:
SF:src\modules\rent\repository\error\abstractRentRepositoryError.js
FNF:0
FNH:0
DA:3,4
LF:1
LH:1
BRF:0
BRH:0
end_of_record
TN:
SF:src\modules\rent\repository\error\methodNotImplementedError.js
FNF:0
FNH:0
DA:3,4
LF:1
LH:1
BRF:0
BRH:0
end_of_record
TN:
SF:src\modules\rent\repository\error\rentNotFoundError.js
FNF:0
FNH:0
DA:3,3
LF:1
LH:1
BRF:0
BRH:0
end_of_record
TN:
SF:src\modules\rent\repository\sqlite\abstractRentRepository.js
FN:7,(anonymous_0)
FN:13,(anonymous_1)
FN:17,(anonymous_2)
FN:21,(anonymous_3)
FN:25,(anonymous_4)
FNF:5
FNH:5
FNDA:4,(anonymous_0)
FNDA:1,(anonymous_1)
FNDA:1,(anonymous_2)
FNDA:1,(anonymous_3)
FNDA:1,(anonymous_4)
DA:3,4
DA:4,4
DA:8,4
DA:9,1
DA:14,1
DA:18,1
DA:22,1
DA:26,1
DA:30,4
LF:9
LH:9
BRDA:8,0,0,1
BRDA:8,0,1,3
BRF:2
BRH:2
end_of_record
TN:
SF:src\modules\rent\repository\sqlite\rentRepository.js
FN:11,(anonymous_0)
FN:22,(anonymous_1)
FN:73,(anonymous_2)
FN:87,(anonymous_3)
FN:112,(anonymous_4)
FN:125,(anonymous_5)
FNF:6
FNH:1
FNDA:1,(anonymous_0)
FNDA:0,(anonymous_1)
FNDA:0,(anonymous_2)
FNDA:0,(anonymous_3)
FNDA:0,(anonymous_4)
FNDA:0,(anonymous_5)
DA:1,3
DA:2,3
DA:3,3
DA:12,1
DA:13,1
DA:14,1
DA:15,1
DA:23,0
DA:26,0
DA:27,0
DA:45,0
DA:46,0
DA:49,0
DA:51,0
DA:62,0
DA:65,0
DA:66,0
DA:74,0
DA:76,0
DA:77,0
DA:80,0
DA:88,0
DA:101,0
DA:102,0
DA:105,0
DA:106,0
DA:113,0
DA:125,0
DA:126,0
DA:130,3
LF:30
LH:8
BRDA:26,0,0,0
BRDA:26,0,1,0
BRDA:45,1,0,0
BRDA:45,1,1,0
BRDA:76,2,0,0
BRDA:76,2,1,0
BRDA:101,3,0,0
BRDA:101,3,1,0
BRF:8
BRH:0
end_of_record
TN:
SF:src\modules\rent\service\rentService.js
FN:8,(anonymous_0)
FN:16,(anonymous_1)
FN:29,(anonymous_2)
FN:42,(anonymous_3)
FN:54,(anonymous_4)
FNF:5
FNH:5
FNDA:2,(anonymous_0)
FNDA:2,(anonymous_1)
FNDA:2,(anonymous_2)
FNDA:2,(anonymous_3)
FNDA:1,(anonymous_4)
DA:1,3
DA:2,3
DA:9,2
DA:17,2
DA:18,1
DA:21,1
DA:22,1
DA:30,2
DA:31,1
DA:34,1
DA:35,1
DA:43,2
DA:44,1
DA:47,1
DA:48,1
DA:55,1
DA:56,1
DA:60,3
LF:18
LH:18
BRDA:17,0,0,1
BRDA:17,0,1,1
BRDA:30,1,0,1
BRDA:30,1,1,1
BRDA:43,2,0,1
BRDA:43,2,1,1
BRF:6
BRH:6
end_of_record
TN:
SF:src\modules\rent\service\error\rentIdNotDefinedError.js
FNF:0
FNH:0
DA:3,3
LF:1
LH:1
BRF:0
BRH:0
end_of_record
TN:
SF:src\modules\rent\service\error\rentNotDefinedError.js
FNF:0
FNH:0
DA:3,3
LF:1
LH:1
BRF:0
BRH:0
end_of_record
